<?xml version="1.0" encoding="UTF-8"?>
<!-- Generated by org.testng.reporters.JUnitXMLReporter -->
<testsuite ignored="5" hostname="DESKTOP-N8E20KA" failures="0" tests="1" name="Default test" time="2.093" errors="0" timestamp="2024-05-05T18:15:50 SAST">
  <testcase classname="TestClasses.ValidateResponseStatus" name="weatherMessageBodyPartTwo" time="2.044"/>
  <testcase classname="TestClasses.ValidateResponseStatus" name="extractCity" time="0.0">
    <ignored/>
  </testcase> <!-- extractCity -->
  <testcase classname="TestClasses.ValidateResponseStatus" name="validateResponseStatusLine" time="0.0">
    <ignored/>
  </testcase> <!-- validateResponseStatusLine -->
  <testcase classname="TestClasses.ValidateResponseStatus" name="validateResponseHeader" time="0.0">
    <ignored/>
  </testcase> <!-- validateResponseHeader -->
  <testcase classname="TestClasses.ValidateResponseStatus" name="weatherMessageBodyPartOne" time="0.0">
    <ignored/>
  </testcase> <!-- weatherMessageBodyPartOne -->
  <testcase classname="TestClasses.ValidateResponseStatus" name="validateParticluarHeader" time="0.0">
    <ignored/>
  </testcase> <!-- validateParticluarHeader -->
</testsuite> <!-- Default test -->
