<?xml version="1.0" encoding="UTF-8"?>
<testng-results ignored="0" total="1" passed="1" failed="0" skipped="0">
  <reporter-output>
  </reporter-output>
  <suite started-at="2024-05-05T18:15:48 SAST" name="Default suite" finished-at="2024-05-05T18:15:50 SAST" duration-ms="2093">
    <groups>
    </groups>
    <test started-at="2024-05-05T18:15:48 SAST" name="Default test" finished-at="2024-05-05T18:15:50 SAST" duration-ms="2093">
      <class name="TestClasses.ValidateResponseStatus">
        <test-method signature="weatherMessageBodyPartTwo()[pri:0, instance:TestClasses.ValidateResponseStatus@4562e04d]" started-at="2024-05-05T18:15:48 SAST" name="weatherMessageBodyPartTwo" finished-at="2024-05-05T18:15:50 SAST" duration-ms="2044" status="PASS">
          <reporter-output>
          </reporter-output>
        </test-method> <!-- weatherMessageBodyPartTwo -->
      </class> <!-- TestClasses.ValidateResponseStatus -->
    </test> <!-- Default test -->
  </suite> <!-- Default suite -->
</testng-results>
